[2018-05-16 21:12:40] START
[2018-05-16 21:12:40] EDIT tif/models/menu.py: 8
[2018-05-16 21:12:56] EDIT tif/models/menu.py: 0
[2018-05-16 21:14:11] EDIT tif/models/menu.py: 0
[2018-05-16 21:18:08] CREATE altas.py: 0
[2018-05-16 21:18:22] CREATE bajas.py: 0
[2018-05-16 21:22:14] EDIT tif/controllers/altas.py: 0
[2018-05-16 21:23:07] DELETE tif/controllers/altas.py: -1
[2018-05-16 21:23:19] CREATE altas.py: 0
[2018-05-16 21:33:38] EDIT tif/models/menu.py: 2
[2018-05-16 21:34:17] EDIT tif/models/menu.py: 0
[2018-05-22 18:50:19] CREATE bajas/bajas.py: 0
[2018-05-22 18:50:36] EDIT tif/views/bajas/bajas.py: 16
[2018-05-22 18:50:46] EDIT tif/views/bajas/bajas.py: -2
[2018-05-22 18:50:47] EDIT tif/views/bajas/bajas.py: 0
[2018-05-22 18:51:35] EDIT tif/views/bajas/bajas.py: -1
[2018-05-22 18:51:36] EDIT tif/views/bajas/bajas.py: 0
[2018-05-22 18:53:09] DELETE tif/views/bajas/bajas.py: -13
[2018-05-22 18:53:24] CREATE bajas/bajas.html: 0
[2018-05-22 18:53:45] EDIT tif/views/bajas/bajas.html: 14
[2018-05-22 18:56:36] EDIT tif/controllers/bajas.py: 14
[2018-05-22 18:56:43] EDIT tif/controllers/bajas.py: 0
[2018-05-22 18:58:29] EDIT tif/models/menu.py: 0
[2018-05-22 19:05:19] EDIT tif/views/bajas/bajas.html: 0
[2018-05-22 19:06:36] EDIT tif/views/bajas/bajas.html: -2
[2018-05-22 19:06:47] EDIT tif/views/bajas/bajas.html: 0
[2018-05-22 19:09:15] CREATE carrito/carrito.html: 0
[2018-05-22 19:09:33] EDIT tif/views/carrito/carrito.html: 14
[2018-05-22 19:13:37] DELETE tif/views/carrito/carrito.html: -17
[2018-05-22 19:13:45] DELETE tif/views/bajas/bajas.html: -15
[2018-05-22 19:14:18] CREATE clientes/index.html: 0
[2018-05-22 19:14:31] EDIT tif/views/clientes/index.html: 15
[2018-05-22 19:15:02] EDIT tif/views/clientes/index.html: -1
[2018-05-22 19:16:23] CREATE clientes.py: 0
[2018-05-22 19:16:53] EDIT tif/views/clientes/index.html: -2
[2018-05-22 19:17:17] EDIT tif/views/clientes/index.html: 2
[2018-05-22 19:18:30] EDIT tif/views/clientes/index.html: 9
[2018-05-22 19:19:14] EDIT tif/views/clientes/index.html: 0
[2018-05-22 19:19:24] EDIT tif/views/clientes/index.html: 0
[2018-05-22 19:22:27] EDIT tif/views/clientes/index.html: 0
[2018-05-22 19:23:09] EDIT tif/views/clientes/index.html: 0
[2018-05-22 19:23:19] EDIT tif/views/clientes/index.html: 0
[2018-05-22 19:23:28] EDIT tif/views/clientes/index.html: 0
[2018-05-22 19:23:37] EDIT tif/views/clientes/index.html: 0
[2018-05-22 19:23:41] EDIT tif/views/clientes/index.html: 0
[2018-05-22 19:31:51] EDIT tif/views/clientes/index.html: 8
[2018-05-22 19:34:07] EDIT tif/views/clientes/index.html: 0
[2018-05-22 19:34:33] EDIT tif/views/clientes/index.html: 0
[2018-05-22 19:35:12] EDIT tif/views/clientes/index.html: -1
[2018-05-22 19:35:24] EDIT tif/views/clientes/index.html: 1
[2018-05-22 19:35:37] EDIT tif/views/clientes/index.html: 0
[2018-05-22 19:47:22] EDIT tif/views/clientes/index.html: 0
[2018-05-22 19:47:50] EDIT tif/views/clientes/index.html: 0
[2018-05-23 20:40:12] EDIT tif/views/clientes/index.html: 1
[2018-05-23 20:41:56] EDIT tif/views/clientes/index.html: 0
[2018-05-23 20:43:30] UPLOAD /home/damian/web2py/applications/tif/static/j: 694
[2018-05-23 20:43:52] DELETE tif/static/j: -694
[2018-05-23 20:44:29] UPLOAD /home/damian/web2py/applications/tif/static/j.jpg: 694
[2018-05-23 20:44:42] EDIT tif/views/clientes/index.html: 0
[2018-05-23 20:45:03] EDIT tif/views/clientes/index.html: 0
[2018-05-23 20:46:50] EDIT tif/views/clientes/index.html: 0
[2018-05-23 20:47:27] EDIT tif/views/clientes/index.html: 0
[2018-05-23 20:47:42] EDIT tif/views/clientes/index.html: 0
[2018-05-23 20:48:31] EDIT tif/views/clientes/index.html: 1
[2018-05-23 20:48:52] EDIT tif/views/clientes/index.html: 0
[2018-05-23 20:49:46] EDIT tif/views/clientes/index.html: 0
[2018-05-23 20:53:29] EDIT tif/views/clientes/index.html: -1
[2018-05-23 20:54:24] EDIT tif/views/clientes/index.html: -1
[2018-05-23 20:54:41] EDIT tif/views/clientes/index.html: 0
[2018-05-23 20:59:35] EDIT tif/views/clientes/index.html: 0
[2018-05-23 21:01:30] UPLOAD /home/damian/web2py/applications/tif/static/azul: 111
[2018-05-23 21:01:44] EDIT tif/views/clientes/index.html: 0
[2018-05-23 21:12:58] EDIT tif/views/clientes/index.html: 1
[2018-05-23 21:15:14] EDIT tif/views/clientes/index.html: 1
[2018-05-23 21:15:31] EDIT tif/views/clientes/index.html: 0
[2018-05-23 21:15:49] EDIT tif/views/clientes/index.html: -1
[2018-05-23 21:21:54] EDIT tif/views/clientes/index.html: 1
[2018-05-23 21:22:38] EDIT tif/views/clientes/index.html: 0
[2018-05-23 21:24:20] EDIT tif/views/clientes/index.html: -1
[2018-05-23 21:24:42] EDIT tif/views/clientes/index.html: 0
[2018-05-23 21:25:58] EDIT tif/views/clientes/index.html: 0
[2018-05-23 21:27:01] EDIT tif/views/clientes/index.html: 0
[2018-05-23 21:28:00] EDIT tif/views/clientes/index.html: 0
[2018-05-23 21:28:27] EDIT tif/views/clientes/index.html: 1
[2018-05-23 21:28:46] EDIT tif/views/clientes/index.html: -1
[2018-05-23 21:29:58] EDIT tif/views/clientes/index.html: 34
[2018-05-23 21:32:23] EDIT tif/views/clientes/index.html: 0
[2018-05-23 21:34:16] EDIT tif/views/clientes/index.html: -1
[2018-05-23 21:34:40] EDIT tif/views/clientes/index.html: -2
[2018-05-23 21:35:52] EDIT tif/views/clientes/index.html: 3
[2018-05-23 21:37:14] EDIT tif/views/clientes/index.html: -1
[2018-05-23 21:37:34] EDIT tif/views/clientes/index.html: 1
[2018-05-23 21:38:18] EDIT tif/views/clientes/index.html: -7
[2018-05-23 21:39:16] EDIT tif/views/clientes/index.html: -7
[2018-05-23 21:44:39] EDIT tif/views/clientes/index.html: 4
[2018-05-23 21:48:48] EDIT tif/views/clientes/index.html: 7
[2018-05-23 21:49:54] EDIT tif/views/clientes/index.html: 0
[2018-05-23 21:50:22] EDIT tif/views/clientes/index.html: 0
[2018-05-23 21:50:49] EDIT tif/views/clientes/index.html: 0
[2018-05-23 21:52:45] EDIT tif/views/clientes/index.html: -4
[2018-05-23 21:53:25] EDIT tif/views/clientes/index.html: 1
[2018-05-23 21:54:07] EDIT tif/views/clientes/index.html: 0
[2018-05-29 18:45:17] EDIT tif/views/clientes/index.html: 1
[2018-05-29 18:46:30] EDIT tif/views/clientes/index.html: 1
[2018-05-29 18:48:07] EDIT tif/views/clientes/index.html: 0
[2018-05-29 18:48:22] EDIT tif/views/clientes/index.html: 0
[2018-05-29 18:48:50] EDIT tif/views/clientes/index.html: -2
[2018-05-29 18:53:12] EDIT tif/views/clientes/index.html: 2
[2018-05-29 18:54:44] EDIT tif/views/clientes/index.html: 0
[2018-05-29 18:56:59] EDIT tif/views/clientes/index.html: -1
[2018-05-29 18:57:18] EDIT tif/views/clientes/index.html: -1
[2018-05-29 18:58:23] EDIT tif/views/clientes/index.html: 1
[2018-05-29 18:59:09] EDIT tif/views/clientes/index.html: -1
[2018-05-29 19:00:09] EDIT tif/views/clientes/index.html: 0
[2018-05-29 19:09:12] EDIT tif/views/clientes/index.html: 18
[2018-05-29 19:10:40] EDIT tif/views/clientes/index.html: -18
[2018-05-29 19:11:37] EDIT tif/views/default/index.html: -47
[2018-05-29 19:12:00] EDIT tif/views/default/index.html: -1
[2018-05-29 19:13:37] EDIT tif/views/default/index.html: 18
[2018-05-29 19:14:23] EDIT tif/views/default/index.html: 0
[2018-05-29 19:14:58] EDIT tif/views/default/index.html: 0
[2018-05-29 19:15:34] EDIT tif/views/default/index.html: 0
[2018-05-29 19:16:39] EDIT tif/views/default/index.html: 54
[2018-05-29 19:19:45] EDIT tif/views/default/index.html: 0
[2018-05-29 19:21:30] EDIT tif/views/default/index.html: 0
[2018-05-29 19:22:30] EDIT tif/views/default/index.html: 0
[2018-05-29 19:23:55] EDIT tif/views/default/index.html: -4
[2018-05-29 19:24:31] EDIT tif/views/default/index.html: 0
[2018-05-29 19:24:47] EDIT tif/views/default/index.html: 0
[2018-05-29 19:25:01] EDIT tif/views/default/index.html: 0
[2018-05-29 19:25:13] EDIT tif/views/default/index.html: 0
[2018-05-29 19:32:32] EDIT tif/views/clientes/index.html: 6
[2018-05-29 19:33:11] EDIT tif/views/default/index.html: -68
[2018-05-29 19:33:25] EDIT tif/views/clientes/index.html: 0
[2018-05-29 19:34:19] EDIT tif/views/default/index.html: 47
[2018-05-29 19:38:58] EDIT tif/views/clientes/index.html: 0
[2018-05-29 19:40:42] EDIT tif/views/clientes/index.html: 0
[2018-05-29 19:41:34] EDIT tif/views/clientes/index.html: 0
[2018-05-29 19:42:07] EDIT tif/views/clientes/index.html: 0
[2018-05-29 19:44:21] EDIT tif/views/clientes/index.html: 0
[2018-05-29 19:46:00] EDIT tif/views/clientes/index.html: 0
[2018-05-29 19:46:44] EDIT tif/views/clientes/index.html: 0
[2018-05-29 19:47:29] EDIT tif/views/clientes/index.html: -17
[2018-05-29 19:47:56] EDIT tif/views/clientes/index.html: 17
[2018-05-29 19:48:21] EDIT tif/views/clientes/index.html: -35
[2018-05-29 19:48:45] EDIT tif/views/clientes/index.html: 33
[2018-05-29 19:49:40] EDIT tif/views/clientes/index.html: 2
[2018-05-29 19:50:25] EDIT tif/views/clientes/index.html: 0
[2018-05-29 19:51:01] EDIT tif/views/clientes/index.html: 0
[2018-05-29 19:58:46] EDIT tif/views/clientes/index.html: 0
[2018-06-06 20:34:39] EDIT tif/views/clientes/index.html: 0
[2018-06-06 20:35:40] EDIT tif/views/clientes/index.html: 0
[2018-06-06 21:07:42] DELETE tif/controllers/bajas.py: -15
[2018-06-06 21:33:45] CREATE bajas.py: 0
[2018-06-06 21:35:37] CREATE reportes.py: 0
[2018-06-06 21:36:53] CREATE ventalocal.py: 0
[2018-06-26 14:12:52] CREATE prueba/index.html: 0
[2018-06-26 14:13:28] EDIT tif/views/prueba/index.html: 18
[2018-06-26 14:15:24] DELETE tif/views/prueba/index.html: -21
[2018-06-26 14:16:52] CREATE prueba_py.py: 0
[2018-06-26 14:17:27] CREATE prueba/index.html: 0
[2018-06-26 14:18:26] EDIT tif/views/prueba/index.html: 21
[2018-06-26 14:18:56] DELETE tif/views/prueba/index.html: -24
[2018-06-26 14:19:25] EDIT tif/views/clientes/index.html: 22
[2018-06-26 14:22:09] EDIT tif/views/clientes/index.html: -22
[2018-06-26 14:23:02] EDIT tif/views/clientes/index.html: -51
[2018-06-26 14:23:22] EDIT tif/views/clientes/index.html: 0
[2018-06-26 14:24:20] EDIT tif/views/clientes/index.html: 18
[2018-06-26 14:24:39] EDIT tif/views/clientes/index.html: -1
[2018-06-26 14:26:41] EDIT tif/views/clientes/index.html: 0
[2018-06-26 14:28:58] EDIT tif/views/clientes/index.html: 34
[2018-06-26 14:29:13] EDIT tif/views/clientes/index.html: 0
[2018-06-26 14:30:20] EDIT tif/views/clientes/index.html: 0
[2018-06-26 14:31:38] EDIT tif/views/clientes/index.html: 0
[2018-06-26 14:41:30] EDIT tif/views/clientes/index.html: 0
[2018-06-26 18:15:30] EDIT tif/views/clientes/index.html: 51
[2018-08-08 20:48:46] EDIT tif/models/db.py: 4
[2018-08-08 20:49:19] EDIT tif/models/db.py: -2
[2018-08-08 20:50:13] EDIT tif/models/db.py: -2
[2018-08-08 21:12:50] EDIT tif/models/menu.py: 8
[2018-08-08 21:13:40] EDIT tif/models/menu.py: -2
[2018-08-08 21:17:16] EDIT tif/models/menu.py: 2
[2018-08-08 21:18:04] EDIT tif/models/menu.py: 0
[2018-08-08 21:23:57] EDIT tif/models/menu.py: 9
[2018-08-22 20:15:44] CREATE db_carrito.py: 0
[2018-08-22 20:16:27] EDIT tif/models/db_carrito.py: 19
[2018-08-22 20:20:09] EDIT tif/models/db_carrito.py: 0
[2018-08-22 20:26:34] DELETE tif/controllers/ventalocal.py: -1
[2018-08-22 20:26:50] CREATE ventas.py: 0
[2018-08-22 20:28:09] EDIT tif/controllers/ventas.py: 57
[2018-08-22 20:40:54] CREATE ventas/venta_productos.html: 0
[2018-08-22 20:42:05] EDIT tif/views/ventas/venta_productos.html: 17
[2018-08-22 20:55:29] CREATE venta/carrito.html: 0
[2018-08-22 20:56:04] EDIT tif/views/venta/carrito.html: 53
[2018-08-22 20:57:33] CREATE ventas/confirmar.html: 0
[2018-08-22 20:58:11] EDIT tif/views/ventas/confirmar.html: 7
[2018-08-22 20:59:57] EDIT tif/views/venta/carrito.html: 1
[2018-08-22 21:04:09] EDIT tif/views/ventas/venta_productos.html: 0
[2018-08-22 21:05:14] EDIT tif/views/ventas/venta_productos.html: 0
[2018-08-22 21:26:49] EDIT tif/controllers/ventas.py: 0
[2018-08-22 21:27:58] EDIT tif/views/ventas/venta_productos.html: 0
[2018-08-22 21:31:40] EDIT tif/views/ventas/venta_productos.html: 1
[2018-08-22 21:33:00] EDIT tif/views/ventas/venta_productos.html: 0
[2018-08-22 21:34:21] EDIT tif/views/ventas/venta_productos.html: 0
[2018-08-22 21:34:35] EDIT tif/views/ventas/venta_productos.html: 0
[2018-08-22 21:34:50] EDIT tif/views/ventas/venta_productos.html: 0
[2018-08-22 21:35:04] EDIT tif/views/ventas/venta_productos.html: 0
[2018-08-22 21:35:24] EDIT tif/views/ventas/venta_productos.html: 0
[2018-08-22 21:35:29] EDIT tif/views/ventas/venta_productos.html: 0
[2018-08-22 21:36:04] EDIT tif/views/ventas/venta_productos.html: 0
[2018-08-22 21:36:17] EDIT tif/views/ventas/venta_productos.html: 0
[2018-08-22 21:38:29] EDIT tif/views/ventas/venta_productos.html: 0
[2018-08-22 21:38:51] EDIT tif/views/ventas/venta_productos.html: 0
[2018-08-22 21:39:39] EDIT tif/views/ventas/venta_productos.html: 0
[2018-08-22 21:45:15] EDIT tif/views/ventas/venta_productos.html: 0
[2018-08-24 20:33:43] EDIT tif/controllers/carrito.py: 30
[2018-08-24 21:08:02] EDIT tif/views/ventas/confirmar.html: -1
[2018-08-24 21:13:51] EDIT tif/views/venta/carrito.html: 0
[2018-08-24 21:16:51] EDIT tif/views/ventas/venta_productos.html: -1
[2018-08-24 21:19:28] EDIT tif/controllers/ventas.py: 0
[2018-08-24 21:21:34] CREATE ventas/carrito.html: 0
[2018-08-24 21:21:51] EDIT tif/views/ventas/carrito.html: 18
[2018-08-24 21:26:04] DELETE tif/views/venta/carrito.html: -57
[2018-08-24 21:26:30] EDIT tif/views/ventas/carrito.html: -1
[2018-08-24 21:27:42] EDIT tif/controllers/ventas.py: 0
[2018-08-24 21:31:28] EDIT tif/views/ventas/carrito.html: 22
[2018-08-24 21:32:48] EDIT tif/views/ventas/carrito.html: -1
[2018-08-24 21:33:04] EDIT tif/views/ventas/carrito.html: -22
[2018-08-24 21:34:36] EDIT tif/views/ventas/carrito.html: 38
[2018-08-24 21:41:29] EDIT tif/views/ventas/carrito.html: 0
[2018-08-24 21:48:03] EDIT tif/controllers/ventas.py: 0
[2018-08-31 20:27:12] CREATE mp.py: 0
